2026-02-13 20:49:10,439 | INFO | Training start
2026-02-13 20:49:10,439 | INFO | device=cuda
2026-02-13 20:49:10,439 | INFO | target_pos=(0.05, 0.05)
2026-02-13 20:49:10,439 | INFO | loss_weights={'contrast': 5.0, 'trajectory_length': 1.0, 'jerk': 1.0}
2026-02-13 20:49:10,439 | INFO | n_epochs=2000 | lr=0.001 | save_interval=500
2026-02-13 20:49:11,001 | INFO | csv_header=['epoch', 'lr', 'target_pos_x', 'target_pos_y', 'total', 'contrast', 'signal', 'noise', 'snr', 'trajectory_length', 'trajectory_penalty', 'jerk', 'jerk_penalty']
2026-02-13 20:49:11,878 | INFO | epoch=0 | total=6.68651867 | contrast=6.54707479 | signal=0.00049077 | noise=0.00064263 | snr=0.76367235 | trajectory_length=0.13944367 | trajectory_penalty=0.13944367 | jerk=0.00000002 | jerk_penalty=0.00000002
2026-02-13 20:49:13,295 | INFO | epoch=1 | total=6.20122290 | contrast=6.06332684 | signal=0.00052446 | noise=0.00063601 | snr=0.82460111 | trajectory_length=0.13789597 | trajectory_penalty=0.13789597 | jerk=0.00000002 | jerk_penalty=0.00000002
2026-02-13 20:49:14,469 | INFO | epoch=2 | total=5.80609322 | contrast=5.66895485 | signal=0.00056118 | noise=0.00063628 | snr=0.88196713 | trajectory_length=0.13713840 | trajectory_penalty=0.13713840 | jerk=0.00000001 | jerk_penalty=0.00000001
2026-02-13 20:49:15,609 | INFO | epoch=3 | total=5.40460014 | contrast=5.26736307 | signal=0.00060768 | noise=0.00064018 | snr=0.94921106 | trajectory_length=0.13723709 | trajectory_penalty=0.13723709 | jerk=0.00000001 | jerk_penalty=0.00000001
2026-02-13 20:49:16,769 | INFO | epoch=4 | total=5.02357578 | contrast=4.88546705 | signal=0.00066215 | noise=0.00064699 | snr=1.02341235 | trajectory_length=0.13810876 | trajectory_penalty=0.13810876 | jerk=0.00000001 | jerk_penalty=0.00000001
2026-02-13 20:49:17,920 | INFO | epoch=5 | total=4.72960472 | contrast=4.59004450 | signal=0.00071632 | noise=0.00065760 | snr=1.08928216 | trajectory_length=0.13956003 | trajectory_penalty=0.13956003 | jerk=0.00000002 | jerk_penalty=0.00000002
2026-02-13 20:49:19,163 | INFO | epoch=6 | total=4.52351904 | contrast=4.38243008 | signal=0.00077213 | noise=0.00067677 | snr=1.14088786 | trajectory_length=0.14108878 | trajectory_penalty=0.14108878 | jerk=0.00000002 | jerk_penalty=0.00000002
2026-02-13 20:49:20,318 | INFO | epoch=7 | total=4.32137585 | contrast=4.17903471 | signal=0.00084566 | noise=0.00070681 | snr=1.19641745 | trajectory_length=0.14234138 | trajectory_penalty=0.14234138 | jerk=0.00000003 | jerk_penalty=0.00000003
2026-02-13 20:49:21,543 | INFO | epoch=8 | total=4.07180452 | contrast=3.92836785 | signal=0.00094645 | noise=0.00074361 | snr=1.27276266 | trajectory_length=0.14343689 | trajectory_penalty=0.14343689 | jerk=0.00000004 | jerk_penalty=0.00000004
2026-02-13 20:49:22,712 | INFO | epoch=9 | total=3.76057076 | contrast=3.61569738 | signal=0.00107990 | noise=0.00078093 | snr=1.38282847 | trajectory_length=0.14487337 | trajectory_penalty=0.14487337 | jerk=0.00000005 | jerk_penalty=0.00000005
2026-02-13 20:49:23,961 | INFO | epoch=10 | total=3.38889933 | contrast=3.24154878 | signal=0.00124551 | noise=0.00080748 | snr=1.54244101 | trajectory_length=0.14735067 | trajectory_penalty=0.14735067 | jerk=0.00000007 | jerk_penalty=0.00000007
2026-02-13 20:49:25,220 | INFO | epoch=11 | total=2.99167061 | contrast=2.83974314 | signal=0.00142305 | noise=0.00080822 | snr=1.76068830 | trajectory_length=0.15192756 | trajectory_penalty=0.15192756 | jerk=0.00000009 | jerk_penalty=0.00000009
2026-02-13 20:49:26,502 | INFO | epoch=12 | total=2.68603897 | contrast=2.52767754 | signal=0.00155278 | noise=0.00078499 | snr=1.97806239 | trajectory_length=0.15836146 | trajectory_penalty=0.15836146 | jerk=0.00000011 | jerk_penalty=0.00000011
2026-02-13 20:49:27,758 | INFO | epoch=13 | total=2.60739732 | contrast=2.44250107 | signal=0.00156717 | noise=0.00076557 | snr=2.04704213 | trajectory_length=0.16489610 | trajectory_penalty=0.16489610 | jerk=0.00000013 | jerk_penalty=0.00000013
2026-02-13 20:49:28,988 | INFO | epoch=14 | total=2.70506811 | contrast=2.53575039 | signal=0.00151082 | noise=0.00076622 | snr=1.97176409 | trajectory_length=0.16931757 | trajectory_penalty=0.16931757 | jerk=0.00000014 | jerk_penalty=0.00000014
2026-02-13 20:49:30,230 | INFO | epoch=15 | total=2.80462980 | contrast=2.63309050 | signal=0.00147644 | noise=0.00077752 | snr=1.89887178 | trajectory_length=0.17153911 | trajectory_penalty=0.17153911 | jerk=0.00000015 | jerk_penalty=0.00000015
2026-02-13 20:49:31,492 | INFO | epoch=16 | total=2.81733656 | contrast=2.64496112 | signal=0.00149091 | noise=0.00078869 | snr=1.89035022 | trajectory_length=0.17237511 | trajectory_penalty=0.17237511 | jerk=0.00000016 | jerk_penalty=0.00000016
2026-02-13 20:49:32,688 | INFO | epoch=17 | total=2.75824332 | contrast=2.58501005 | signal=0.00153502 | noise=0.00079361 | snr=1.93419147 | trajectory_length=0.17323305 | trajectory_penalty=0.17323305 | jerk=0.00000016 | jerk_penalty=0.00000016
2026-02-13 20:49:33,911 | INFO | epoch=18 | total=2.66651726 | contrast=2.49270487 | signal=0.00159345 | noise=0.00079440 | snr=2.00581527 | trajectory_length=0.17381218 | trajectory_penalty=0.17381218 | jerk=0.00000016 | jerk_penalty=0.00000016
2026-02-13 20:49:35,187 | INFO | epoch=19 | total=2.58572102 | contrast=2.41209626 | signal=0.00165134 | noise=0.00079664 | snr=2.07284713 | trajectory_length=0.17362458 | trajectory_penalty=0.17362458 | jerk=0.00000016 | jerk_penalty=0.00000016
2026-02-13 20:49:36,458 | INFO | epoch=20 | total=2.52219343 | contrast=2.34890985 | signal=0.00169794 | noise=0.00079767 | snr=2.12860775 | trajectory_length=0.17328331 | trajectory_penalty=0.17328331 | jerk=0.00000016 | jerk_penalty=0.00000016
2026-02-13 20:49:37,680 | INFO | epoch=21 | total=2.45468211 | contrast=2.28108239 | signal=0.00174372 | noise=0.00079552 | snr=2.19190168 | trajectory_length=0.17359939 | trajectory_penalty=0.17359939 | jerk=0.00000016 | jerk_penalty=0.00000016
2026-02-13 20:49:38,931 | INFO | epoch=22 | total=2.38569951 | contrast=2.21096897 | signal=0.00179648 | noise=0.00079440 | snr=2.26141071 | trajectory_length=0.17473027 | trajectory_penalty=0.17473027 | jerk=0.00000017 | jerk_penalty=0.00000017
2026-02-13 20:49:40,143 | INFO | epoch=23 | total=2.35940647 | contrast=2.18270159 | signal=0.00181877 | noise=0.00079397 | snr=2.29069757 | trajectory_length=0.17670475 | trajectory_penalty=0.17670475 | jerk=0.00000018 | jerk_penalty=0.00000018
2026-02-13 20:49:41,398 | INFO | epoch=24 | total=2.36390710 | contrast=2.18485141 | signal=0.00179260 | noise=0.00078332 | snr=2.28844309 | trajectory_length=0.17905557 | trajectory_penalty=0.17905557 | jerk=0.00000019 | jerk_penalty=0.00000019
2026-02-13 20:49:42,632 | INFO | epoch=25 | total=2.36185718 | contrast=2.18021655 | signal=0.00175754 | noise=0.00076637 | snr=2.29330707 | trajectory_length=0.18164051 | trajectory_penalty=0.18164051 | jerk=0.00000021 | jerk_penalty=0.00000021
2026-02-13 20:49:43,874 | INFO | epoch=26 | total=2.35838199 | contrast=2.17403269 | signal=0.00172290 | noise=0.00074913 | snr=2.29982924 | trajectory_length=0.18434900 | trajectory_penalty=0.18434900 | jerk=0.00000022 | jerk_penalty=0.00000022
2026-02-13 20:49:45,102 | INFO | epoch=27 | total=2.35544491 | contrast=2.16852927 | signal=0.00170442 | noise=0.00073922 | snr=2.30566549 | trajectory_length=0.18691540 | trajectory_penalty=0.18691540 | jerk=0.00000024 | jerk_penalty=0.00000024
2026-02-13 20:49:46,329 | INFO | epoch=28 | total=2.34780645 | contrast=2.15882277 | signal=0.00171289 | noise=0.00073957 | snr=2.31603241 | trajectory_length=0.18898354 | trajectory_penalty=0.18898354 | jerk=0.00000025 | jerk_penalty=0.00000025
2026-02-13 20:49:47,579 | INFO | epoch=29 | total=2.34524155 | contrast=2.15623522 | signal=0.00174665 | noise=0.00075324 | snr=2.31881237 | trajectory_length=0.18900606 | trajectory_penalty=0.18900606 | jerk=0.00000026 | jerk_penalty=0.00000026
2026-02-13 20:49:48,842 | INFO | epoch=30 | total=2.33398890 | contrast=2.14764929 | signal=0.00179609 | noise=0.00077148 | snr=2.32808352 | trajectory_length=0.18633941 | trajectory_penalty=0.18633941 | jerk=0.00000025 | jerk_penalty=0.00000025
2026-02-13 20:49:50,099 | INFO | epoch=31 | total=2.32004333 | contrast=2.13833046 | signal=0.00183950 | noise=0.00078669 | snr=2.33823037 | trajectory_length=0.18171263 | trajectory_penalty=0.18171263 | jerk=0.00000024 | jerk_penalty=0.00000024
2026-02-13 20:49:51,407 | INFO | epoch=32 | total=2.31470084 | contrast=2.13846421 | signal=0.00187250 | noise=0.00080086 | snr=2.33808470 | trajectory_length=0.17623636 | trajectory_penalty=0.17623636 | jerk=0.00000022 | jerk_penalty=0.00000022
2026-02-13 20:49:52,665 | INFO | epoch=33 | total=2.30349326 | contrast=2.13156366 | signal=0.00190704 | noise=0.00081300 | snr=2.34565473 | trajectory_length=0.17192943 | trajectory_penalty=0.17192943 | jerk=0.00000021 | jerk_penalty=0.00000021
2026-02-13 20:49:53,913 | INFO | epoch=34 | total=2.28912520 | contrast=2.11991978 | signal=0.00192897 | noise=0.00081786 | snr=2.35853887 | trajectory_length=0.16920525 | trajectory_penalty=0.16920525 | jerk=0.00000020 | jerk_penalty=0.00000020
2026-02-13 20:49:55,063 | INFO | epoch=35 | total=2.27610207 | contrast=2.10831976 | signal=0.00192447 | noise=0.00081148 | snr=2.37151527 | trajectory_length=0.16778208 | trajectory_penalty=0.16778208 | jerk=0.00000019 | jerk_penalty=0.00000019
2026-02-13 20:49:56,261 | INFO | epoch=36 | total=2.26456475 | contrast=2.09771299 | signal=0.00190173 | noise=0.00079786 | snr=2.38350582 | trajectory_length=0.16685149 | trajectory_penalty=0.16685149 | jerk=0.00000018 | jerk_penalty=0.00000018
2026-02-13 20:49:57,475 | INFO | epoch=37 | total=2.25645566 | contrast=2.09088421 | signal=0.00188564 | noise=0.00078853 | snr=2.39128971 | trajectory_length=0.16557132 | trajectory_penalty=0.16557132 | jerk=0.00000018 | jerk_penalty=0.00000018
2026-02-13 20:49:58,661 | INFO | epoch=38 | total=2.25170398 | contrast=2.08812737 | signal=0.00188537 | noise=0.00078738 | snr=2.39444685 | trajectory_length=0.16357625 | trajectory_penalty=0.16357625 | jerk=0.00000017 | jerk_penalty=0.00000017
2026-02-13 20:49:59,894 | INFO | epoch=39 | total=2.25250506 | contrast=2.09128571 | signal=0.00188880 | noise=0.00079001 | snr=2.39083052 | trajectory_length=0.16121903 | trajectory_penalty=0.16121903 | jerk=0.00000017 | jerk_penalty=0.00000017
2026-02-13 20:50:01,103 | INFO | epoch=40 | total=2.25091696 | contrast=2.09149885 | signal=0.00189395 | noise=0.00079224 | snr=2.39058733 | trajectory_length=0.15941782 | trajectory_penalty=0.15941782 | jerk=0.00000016 | jerk_penalty=0.00000016
2026-02-13 20:50:02,341 | INFO | epoch=41 | total=2.24911165 | contrast=2.09054351 | signal=0.00189627 | noise=0.00079285 | snr=2.39167976 | trajectory_length=0.15856801 | trajectory_penalty=0.15856801 | jerk=0.00000016 | jerk_penalty=0.00000016
2026-02-13 20:50:03,563 | INFO | epoch=42 | total=2.24518871 | contrast=2.08645487 | signal=0.00190098 | noise=0.00079327 | snr=2.39636660 | trajectory_length=0.15873359 | trajectory_penalty=0.15873359 | jerk=0.00000016 | jerk_penalty=0.00000016
2026-02-13 20:50:04,770 | INFO | epoch=43 | total=2.23817325 | contrast=2.07879043 | signal=0.00191388 | noise=0.00079571 | snr=2.40520215 | trajectory_length=0.15938251 | trajectory_penalty=0.15938251 | jerk=0.00000017 | jerk_penalty=0.00000017
2026-02-13 20:50:06,023 | INFO | epoch=44 | total=2.23280072 | contrast=2.07301211 | signal=0.00192414 | noise=0.00079776 | snr=2.41190624 | trajectory_length=0.15978831 | trajectory_penalty=0.15978831 | jerk=0.00000017 | jerk_penalty=0.00000017
2026-02-13 20:50:07,226 | INFO | epoch=45 | total=2.22425485 | contrast=2.06428528 | signal=0.00193169 | noise=0.00079752 | snr=2.42210293 | trajectory_length=0.15996924 | trajectory_penalty=0.15996924 | jerk=0.00000018 | jerk_penalty=0.00000018
2026-02-13 20:50:08,374 | INFO | epoch=46 | total=2.21716928 | contrast=2.05734754 | signal=0.00194305 | noise=0.00079951 | snr=2.43027091 | trajectory_length=0.15982158 | trajectory_penalty=0.15982158 | jerk=0.00000018 | jerk_penalty=0.00000018
2026-02-13 20:50:09,500 | INFO | epoch=47 | total=2.21303821 | contrast=2.05436301 | signal=0.00196270 | noise=0.00080643 | snr=2.43380189 | trajectory_length=0.15867496 | trajectory_penalty=0.15867496 | jerk=0.00000018 | jerk_penalty=0.00000018
2026-02-13 20:50:10,623 | INFO | epoch=48 | total=2.20991588 | contrast=2.05384612 | signal=0.00198836 | noise=0.00081676 | snr=2.43441486 | trajectory_length=0.15606958 | trajectory_penalty=0.15606958 | jerk=0.00000018 | jerk_penalty=0.00000018
2026-02-13 20:50:11,783 | INFO | epoch=49 | total=2.20790386 | contrast=2.05510330 | signal=0.00201538 | noise=0.00082837 | snr=2.43292642 | trajectory_length=0.15280031 | trajectory_penalty=0.15280031 | jerk=0.00000017 | jerk_penalty=0.00000017
2026-02-13 20:50:12,969 | INFO | epoch=50 | total=2.20411897 | contrast=2.05423403 | signal=0.00203780 | noise=0.00083723 | snr=2.43395591 | trajectory_length=0.14988478 | trajectory_penalty=0.14988478 | jerk=0.00000017 | jerk_penalty=0.00000017
2026-02-13 20:50:14,180 | INFO | epoch=51 | total=2.20241809 | contrast=2.05541611 | signal=0.00205587 | noise=0.00084514 | snr=2.43255663 | trajectory_length=0.14700162 | trajectory_penalty=0.14700162 | jerk=0.00000016 | jerk_penalty=0.00000016
2026-02-13 20:50:15,398 | INFO | epoch=52 | total=2.20070362 | contrast=2.05714083 | signal=0.00207566 | noise=0.00085399 | snr=2.43051767 | trajectory_length=0.14356250 | trajectory_penalty=0.14356250 | jerk=0.00000015 | jerk_penalty=0.00000015
2026-02-13 20:50:16,593 | INFO | epoch=53 | total=2.19816208 | contrast=2.05826545 | signal=0.00209399 | noise=0.00086200 | snr=2.42919016 | trajectory_length=0.13989648 | trajectory_penalty=0.13989648 | jerk=0.00000014 | jerk_penalty=0.00000014
2026-02-13 20:50:17,819 | INFO | epoch=54 | total=2.19508910 | contrast=2.05859518 | signal=0.00210506 | noise=0.00086670 | snr=2.42880106 | trajectory_length=0.13649365 | trajectory_penalty=0.13649365 | jerk=0.00000013 | jerk_penalty=0.00000013
2026-02-13 20:50:19,062 | INFO | epoch=55 | total=2.19184422 | contrast=2.05819893 | signal=0.00210929 | noise=0.00086827 | snr=2.42926884 | trajectory_length=0.13364527 | trajectory_penalty=0.13364527 | jerk=0.00000012 | jerk_penalty=0.00000012
2026-02-13 20:50:20,293 | INFO | epoch=56 | total=2.18897009 | contrast=2.05788565 | signal=0.00210969 | noise=0.00086831 | snr=2.42963862 | trajectory_length=0.13108447 | trajectory_penalty=0.13108447 | jerk=0.00000011 | jerk_penalty=0.00000011
2026-02-13 20:50:21,533 | INFO | epoch=57 | total=2.18262506 | contrast=2.05408835 | signal=0.00211319 | noise=0.00086814 | snr=2.43413019 | trajectory_length=0.12853675 | trajectory_penalty=0.12853675 | jerk=0.00000010 | jerk_penalty=0.00000010
2026-02-13 20:50:22,798 | INFO | epoch=58 | total=2.17435861 | contrast=2.04792523 | signal=0.00212066 | noise=0.00086860 | snr=2.44145584 | trajectory_length=0.12643328 | trajectory_penalty=0.12643328 | jerk=0.00000010 | jerk_penalty=0.00000010
2026-02-13 20:50:24,002 | INFO | epoch=59 | total=2.16898155 | contrast=2.04344606 | signal=0.00212609 | noise=0.00086891 | snr=2.44680738 | trajectory_length=0.12553546 | trajectory_penalty=0.12553546 | jerk=0.00000010 | jerk_penalty=0.00000010
2026-02-13 20:50:25,151 | INFO | epoch=60 | total=2.16790152 | contrast=2.04185343 | signal=0.00212775 | noise=0.00086892 | snr=2.44871593 | trajectory_length=0.12604812 | trajectory_penalty=0.12604812 | jerk=0.00000010 | jerk_penalty=0.00000010
2026-02-13 20:50:26,318 | INFO | epoch=61 | total=2.16719151 | contrast=2.04016900 | signal=0.00213331 | noise=0.00087047 | snr=2.45073771 | trajectory_length=0.12702259 | trajectory_penalty=0.12702259 | jerk=0.00000011 | jerk_penalty=0.00000011
2026-02-13 20:50:27,525 | INFO | epoch=62 | total=2.16504121 | contrast=2.03755260 | signal=0.00214665 | noise=0.00087479 | snr=2.45388484 | trajectory_length=0.12748860 | trajectory_penalty=0.12748860 | jerk=0.00000011 | jerk_penalty=0.00000011
2026-02-13 20:50:28,751 | INFO | epoch=63 | total=2.16209006 | contrast=2.03461552 | signal=0.00216420 | noise=0.00088067 | snr=2.45742750 | trajectory_length=0.12747458 | trajectory_penalty=0.12747458 | jerk=0.00000011 | jerk_penalty=0.00000011
2026-02-13 20:50:29,951 | INFO | epoch=64 | total=2.16003323 | contrast=2.03255224 | signal=0.00218042 | noise=0.00088637 | snr=2.45992208 | trajectory_length=0.12748104 | trajectory_penalty=0.12748104 | jerk=0.00000011 | jerk_penalty=0.00000011
2026-02-13 20:50:31,108 | INFO | epoch=65 | total=2.15909648 | contrast=2.03110981 | signal=0.00219165 | noise=0.00089030 | snr=2.46166945 | trajectory_length=0.12798661 | trajectory_penalty=0.12798661 | jerk=0.00000012 | jerk_penalty=0.00000012
2026-02-13 20:50:32,235 | INFO | epoch=66 | total=2.15694761 | contrast=2.02774286 | signal=0.00220023 | noise=0.00089230 | snr=2.46575689 | trajectory_length=0.12920481 | trajectory_penalty=0.12920481 | jerk=0.00000012 | jerk_penalty=0.00000012
2026-02-13 20:50:33,390 | INFO | epoch=67 | total=2.15557742 | contrast=2.02493286 | signal=0.00220219 | noise=0.00089186 | snr=2.46917868 | trajectory_length=0.13064438 | trajectory_penalty=0.13064438 | jerk=0.00000012 | jerk_penalty=0.00000012
2026-02-13 20:50:34,560 | INFO | epoch=68 | total=2.15597796 | contrast=2.02373576 | signal=0.00219772 | noise=0.00088953 | snr=2.47063923 | trajectory_length=0.13224196 | trajectory_penalty=0.13224196 | jerk=0.00000013 | jerk_penalty=0.00000013
2026-02-13 20:50:35,748 | INFO | epoch=69 | total=2.15622878 | contrast=2.02252865 | signal=0.00219365 | noise=0.00088735 | snr=2.47211361 | trajectory_length=0.13369992 | trajectory_penalty=0.13369992 | jerk=0.00000013 | jerk_penalty=0.00000013
2026-02-13 20:50:36,960 | INFO | epoch=70 | total=2.15593410 | contrast=2.02189064 | signal=0.00219528 | noise=0.00088773 | snr=2.47289371 | trajectory_length=0.13404331 | trajectory_penalty=0.13404331 | jerk=0.00000013 | jerk_penalty=0.00000013
2026-02-13 20:50:38,155 | INFO | epoch=71 | total=2.15479708 | contrast=2.02158952 | signal=0.00220395 | noise=0.00089110 | snr=2.47326231 | trajectory_length=0.13320729 | trajectory_penalty=0.13320729 | jerk=0.00000013 | jerk_penalty=0.00000013
2026-02-13 20:50:39,340 | INFO | epoch=72 | total=2.15352345 | contrast=2.02162695 | signal=0.00221673 | noise=0.00089628 | snr=2.47321677 | trajectory_length=0.13189630 | trajectory_penalty=0.13189630 | jerk=0.00000013 | jerk_penalty=0.00000013
2026-02-13 20:50:40,523 | INFO | epoch=73 | total=2.15169549 | contrast=2.02107882 | signal=0.00223119 | noise=0.00090189 | snr=2.47388744 | trajectory_length=0.13061637 | trajectory_penalty=0.13061637 | jerk=0.00000012 | jerk_penalty=0.00000012
2026-02-13 20:50:41,712 | INFO | epoch=74 | total=2.14985895 | contrast=2.02067828 | signal=0.00224341 | noise=0.00090665 | snr=2.47437811 | trajectory_length=0.12918052 | trajectory_penalty=0.12918052 | jerk=0.00000012 | jerk_penalty=0.00000012
2026-02-13 20:50:42,911 | INFO | epoch=75 | total=2.14903951 | contrast=2.02122116 | signal=0.00224969 | noise=0.00090943 | snr=2.47371387 | trajectory_length=0.12781835 | trajectory_penalty=0.12781835 | jerk=0.00000012 | jerk_penalty=0.00000012
2026-02-13 20:50:44,106 | INFO | epoch=76 | total=2.14819860 | contrast=2.02132320 | signal=0.00224944 | noise=0.00090937 | snr=2.47358894 | trajectory_length=0.12687540 | trajectory_penalty=0.12687540 | jerk=0.00000011 | jerk_penalty=0.00000011
2026-02-13 20:50:45,301 | INFO | epoch=77 | total=2.14703250 | contrast=2.02094769 | signal=0.00224359 | noise=0.00090684 | snr=2.47404861 | trajectory_length=0.12608482 | trajectory_penalty=0.12608482 | jerk=0.00000011 | jerk_penalty=0.00000011
2026-02-13 20:50:46,478 | INFO | epoch=78 | total=2.14527726 | contrast=2.02003050 | signal=0.00223542 | noise=0.00090313 | snr=2.47517157 | trajectory_length=0.12524678 | trajectory_penalty=0.12524678 | jerk=0.00000011 | jerk_penalty=0.00000011
2026-02-13 20:50:47,638 | INFO | epoch=79 | total=2.14375901 | contrast=2.01886439 | signal=0.00222920 | noise=0.00090010 | snr=2.47660136 | trajectory_length=0.12489463 | trajectory_penalty=0.12489463 | jerk=0.00000011 | jerk_penalty=0.00000011
2026-02-13 20:50:48,812 | INFO | epoch=80 | total=2.14266014 | contrast=2.01776028 | signal=0.00222815 | noise=0.00089918 | snr=2.47795630 | trajectory_length=0.12489975 | trajectory_penalty=0.12489975 | jerk=0.00000011 | jerk_penalty=0.00000011
2026-02-13 20:50:49,941 | INFO | epoch=81 | total=2.14143777 | contrast=2.01674151 | signal=0.00223308 | noise=0.00090071 | snr=2.47920823 | trajectory_length=0.12469636 | trajectory_penalty=0.12469636 | jerk=0.00000011 | jerk_penalty=0.00000011
2026-02-13 20:50:51,090 | INFO | epoch=82 | total=2.14038086 | contrast=2.01609087 | signal=0.00224287 | noise=0.00090437 | snr=2.48000836 | trajectory_length=0.12428993 | trajectory_penalty=0.12428993 | jerk=0.00000011 | jerk_penalty=0.00000011
2026-02-13 20:50:52,278 | INFO | epoch=83 | total=2.13969612 | contrast=2.01584721 | signal=0.00225526 | noise=0.00090925 | snr=2.48030829 | trajectory_length=0.12384894 | trajectory_penalty=0.12384894 | jerk=0.00000011 | jerk_penalty=0.00000011
2026-02-13 20:50:53,415 | INFO | epoch=84 | total=2.13933825 | contrast=2.01626658 | signal=0.00226615 | noise=0.00091384 | snr=2.47979283 | trajectory_length=0.12307163 | trajectory_penalty=0.12307163 | jerk=0.00000011 | jerk_penalty=0.00000011
2026-02-13 20:50:54,624 | INFO | epoch=85 | total=2.13891602 | contrast=2.01698422 | signal=0.00227381 | noise=0.00091725 | snr=2.47891068 | trajectory_length=0.12193169 | trajectory_penalty=0.12193169 | jerk=0.00000011 | jerk_penalty=0.00000011
2026-02-13 20:50:55,758 | INFO | epoch=86 | total=2.13843203 | contrast=2.01752782 | signal=0.00227922 | noise=0.00091968 | snr=2.47824264 | trajectory_length=0.12090412 | trajectory_penalty=0.12090412 | jerk=0.00000011 | jerk_penalty=0.00000011
2026-02-13 20:50:56,896 | INFO | epoch=87 | total=2.13810921 | contrast=2.01807499 | signal=0.00228344 | noise=0.00092164 | snr=2.47757101 | trajectory_length=0.12003428 | trajectory_penalty=0.12003428 | jerk=0.00000011 | jerk_penalty=0.00000011
2026-02-13 20:50:58,050 | INFO | epoch=88 | total=2.13792324 | contrast=2.01875925 | signal=0.00228840 | noise=0.00092395 | snr=2.47673106 | trajectory_length=0.11916400 | trajectory_penalty=0.11916400 | jerk=0.00000010 | jerk_penalty=0.00000010
2026-02-13 20:50:59,224 | INFO | epoch=89 | total=2.13786340 | contrast=2.01909661 | signal=0.00229547 | noise=0.00092696 | snr=2.47631741 | trajectory_length=0.11876670 | trajectory_penalty=0.11876670 | jerk=0.00000010 | jerk_penalty=0.00000010
2026-02-13 20:51:00,440 | INFO | epoch=90 | total=2.13795352 | contrast=2.01941204 | signal=0.00230484 | noise=0.00093089 | snr=2.47593093 | trajectory_length=0.11854142 | trajectory_penalty=0.11854142 | jerk=0.00000010 | jerk_penalty=0.00000010
2026-02-13 20:51:01,661 | INFO | epoch=91 | total=2.13788342 | contrast=2.01985550 | signal=0.00231654 | noise=0.00093582 | snr=2.47538757 | trajectory_length=0.11802784 | trajectory_penalty=0.11802784 | jerk=0.00000010 | jerk_penalty=0.00000010
2026-02-13 20:51:02,858 | INFO | epoch=92 | total=2.13772011 | contrast=2.02014470 | signal=0.00232884 | noise=0.00094092 | snr=2.47503304 | trajectory_length=0.11757530 | trajectory_penalty=0.11757530 | jerk=0.00000010 | jerk_penalty=0.00000010
2026-02-13 20:51:04,083 | INFO | epoch=93 | total=2.13760400 | contrast=2.02050161 | signal=0.00233948 | noise=0.00094539 | snr=2.47459626 | trajectory_length=0.11710244 | trajectory_penalty=0.11710244 | jerk=0.00000010 | jerk_penalty=0.00000010
2026-02-13 20:51:05,191 | INFO | epoch=94 | total=2.13750219 | contrast=2.02106285 | signal=0.00234732 | noise=0.00094882 | snr=2.47390914 | trajectory_length=0.11643927 | trajectory_penalty=0.11643927 | jerk=0.00000010 | jerk_penalty=0.00000010
2026-02-13 20:51:06,322 | INFO | epoch=95 | total=2.13730431 | contrast=2.02118421 | signal=0.00235011 | noise=0.00095000 | snr=2.47376060 | trajectory_length=0.11611998 | trajectory_penalty=0.11611998 | jerk=0.00000010 | jerk_penalty=0.00000010
2026-02-13 20:51:07,504 | INFO | epoch=96 | total=2.13711739 | contrast=2.02122474 | signal=0.00234886 | noise=0.00094952 | snr=2.47371101 | trajectory_length=0.11589274 | trajectory_penalty=0.11589274 | jerk=0.00000010 | jerk_penalty=0.00000010
2026-02-13 20:51:08,711 | INFO | epoch=97 | total=2.13676286 | contrast=2.02115726 | signal=0.00234512 | noise=0.00094797 | snr=2.47379375 | trajectory_length=0.11560553 | trajectory_penalty=0.11560553 | jerk=0.00000010 | jerk_penalty=0.00000010
2026-02-13 20:51:09,841 | INFO | epoch=98 | total=2.13636994 | contrast=2.02081633 | signal=0.00233885 | noise=0.00094528 | snr=2.47421074 | trajectory_length=0.11555365 | trajectory_penalty=0.11555365 | jerk=0.00000010 | jerk_penalty=0.00000010
2026-02-13 20:51:10,989 | INFO | epoch=99 | total=2.13627362 | contrast=2.02065134 | signal=0.00233144 | noise=0.00094221 | snr=2.47441268 | trajectory_length=0.11562219 | trajectory_penalty=0.11562219 | jerk=0.00000010 | jerk_penalty=0.00000010
2026-02-13 20:51:12,113 | INFO | epoch=100 | total=2.13621211 | contrast=2.02070618 | signal=0.00232554 | noise=0.00093985 | snr=2.47434545 | trajectory_length=0.11550584 | trajectory_penalty=0.11550584 | jerk=0.00000010 | jerk_penalty=0.00000010
2026-02-13 20:51:13,252 | INFO | epoch=101 | total=2.13618279 | contrast=2.02083874 | signal=0.00232216 | noise=0.00093855 | snr=2.47418332 | trajectory_length=0.11534397 | trajectory_penalty=0.11534397 | jerk=0.00000010 | jerk_penalty=0.00000010
2026-02-13 20:51:14,456 | INFO | epoch=102 | total=2.13611007 | contrast=2.02111340 | signal=0.00232199 | noise=0.00093860 | snr=2.47384667 | trajectory_length=0.11499673 | trajectory_penalty=0.11499673 | jerk=0.00000010 | jerk_penalty=0.00000010
2026-02-13 20:51:15,636 | INFO | epoch=103 | total=2.13605857 | contrast=2.02166748 | signal=0.00232418 | noise=0.00093975 | snr=2.47316885 | trajectory_length=0.11439104 | trajectory_penalty=0.11439104 | jerk=0.00000010 | jerk_penalty=0.00000010
2026-02-13 20:51:16,816 | INFO | epoch=104 | total=2.13602734 | contrast=2.02202368 | signal=0.00232740 | noise=0.00094121 | snr=2.47273302 | trajectory_length=0.11400361 | trajectory_penalty=0.11400361 | jerk=0.00000010 | jerk_penalty=0.00000010
2026-02-13 20:51:17,980 | INFO | epoch=105 | total=2.13605309 | contrast=2.02219892 | signal=0.00233007 | noise=0.00094238 | snr=2.47251916 | trajectory_length=0.11385425 | trajectory_penalty=0.11385425 | jerk=0.00000010 | jerk_penalty=0.00000010
2026-02-13 20:51:19,203 | INFO | epoch=106 | total=2.13602757 | contrast=2.02242947 | signal=0.00233155 | noise=0.00094308 | snr=2.47223711 | trajectory_length=0.11359803 | trajectory_penalty=0.11359803 | jerk=0.00000010 | jerk_penalty=0.00000010
2026-02-13 20:51:20,358 | INFO | epoch=107 | total=2.13603854 | contrast=2.02239704 | signal=0.00233066 | noise=0.00094271 | snr=2.47227693 | trajectory_length=0.11364141 | trajectory_penalty=0.11364141 | jerk=0.00000010 | jerk_penalty=0.00000010
2026-02-13 20:51:21,499 | INFO | epoch=108 | total=2.13610029 | contrast=2.02231550 | signal=0.00232819 | noise=0.00094167 | snr=2.47237635 | trajectory_length=0.11378491 | trajectory_penalty=0.11378491 | jerk=0.00000010 | jerk_penalty=0.00000010
2026-02-13 20:51:22,625 | INFO | epoch=109 | total=2.13605309 | contrast=2.02244806 | signal=0.00232677 | noise=0.00094116 | snr=2.47221446 | trajectory_length=0.11360496 | trajectory_penalty=0.11360496 | jerk=0.00000010 | jerk_penalty=0.00000010
2026-02-13 20:51:23,742 | INFO | epoch=110 | total=2.13601398 | contrast=2.02245760 | signal=0.00232574 | noise=0.00094075 | snr=2.47220278 | trajectory_length=0.11355636 | trajectory_penalty=0.11355636 | jerk=0.00000010 | jerk_penalty=0.00000010
2026-02-13 20:51:24,944 | INFO | epoch=111 | total=2.13602567 | contrast=2.02246308 | signal=0.00232567 | noise=0.00094072 | snr=2.47219610 | trajectory_length=0.11356250 | trajectory_penalty=0.11356250 | jerk=0.00000010 | jerk_penalty=0.00000010
2026-02-13 20:51:26,111 | INFO | epoch=112 | total=2.13603330 | contrast=2.02259421 | signal=0.00232670 | noise=0.00094120 | snr=2.47203565 | trajectory_length=0.11343901 | trajectory_penalty=0.11343901 | jerk=0.00000009 | jerk_penalty=0.00000009
2026-02-13 20:51:27,278 | INFO | epoch=113 | total=2.13597751 | contrast=2.02244258 | signal=0.00232723 | noise=0.00094134 | snr=2.47222114 | trajectory_length=0.11353482 | trajectory_penalty=0.11353482 | jerk=0.00000009 | jerk_penalty=0.00000009
2026-02-13 20:51:28,464 | INFO | epoch=114 | total=2.13598800 | contrast=2.02230263 | signal=0.00232717 | noise=0.00094125 | snr=2.47239208 | trajectory_length=0.11368540 | trajectory_penalty=0.11368540 | jerk=0.00000009 | jerk_penalty=0.00000009
2026-02-13 20:51:29,624 | INFO | epoch=115 | total=2.13595462 | contrast=2.02227616 | signal=0.00232769 | noise=0.00094145 | snr=2.47242475 | trajectory_length=0.11367846 | trajectory_penalty=0.11367846 | jerk=0.00000009 | jerk_penalty=0.00000009
2026-02-13 20:51:30,805 | INFO | epoch=116 | total=2.13589263 | contrast=2.02209949 | signal=0.00232819 | noise=0.00094157 | snr=2.47264051 | trajectory_length=0.11379303 | trajectory_penalty=0.11379303 | jerk=0.00000009 | jerk_penalty=0.00000009
2026-02-13 20:51:31,966 | INFO | epoch=117 | total=2.13587475 | contrast=2.02218580 | signal=0.00232970 | noise=0.00094222 | snr=2.47253513 | trajectory_length=0.11368889 | trajectory_penalty=0.11368889 | jerk=0.00000009 | jerk_penalty=0.00000009
2026-02-13 20:51:33,131 | INFO | epoch=118 | total=2.13588333 | contrast=2.02241468 | signal=0.00233181 | noise=0.00094318 | snr=2.47225547 | trajectory_length=0.11346875 | trajectory_penalty=0.11346875 | jerk=0.00000009 | jerk_penalty=0.00000009
2026-02-13 20:51:34,291 | INFO | epoch=119 | total=2.13586926 | contrast=2.02235627 | signal=0.00233282 | noise=0.00094356 | snr=2.47232676 | trajectory_length=0.11351290 | trajectory_penalty=0.11351290 | jerk=0.00000009 | jerk_penalty=0.00000009
2026-02-13 20:51:35,445 | INFO | epoch=120 | total=2.13583136 | contrast=2.02235842 | signal=0.00233365 | noise=0.00094390 | snr=2.47232413 | trajectory_length=0.11347306 | trajectory_penalty=0.11347306 | jerk=0.00000009 | jerk_penalty=0.00000009
2026-02-13 20:51:36,691 | INFO | epoch=121 | total=2.13583660 | contrast=2.02228355 | signal=0.00233334 | noise=0.00094374 | snr=2.47241545 | trajectory_length=0.11355298 | trajectory_penalty=0.11355298 | jerk=0.00000009 | jerk_penalty=0.00000009
2026-02-13 20:51:37,864 | INFO | epoch=122 | total=2.13583279 | contrast=2.02191830 | signal=0.00233130 | noise=0.00094274 | snr=2.47286224 | trajectory_length=0.11391456 | trajectory_penalty=0.11391456 | jerk=0.00000009 | jerk_penalty=0.00000009
2026-02-13 20:51:39,099 | INFO | epoch=123 | total=2.13580966 | contrast=2.02175999 | signal=0.00232984 | noise=0.00094208 | snr=2.47305584 | trajectory_length=0.11404956 | trajectory_penalty=0.11404956 | jerk=0.00000009 | jerk_penalty=0.00000009
2026-02-13 20:51:40,306 | INFO | epoch=124 | total=2.13578582 | contrast=2.02159047 | signal=0.00232900 | noise=0.00094166 | snr=2.47326326 | trajectory_length=0.11419532 | trajectory_penalty=0.11419532 | jerk=0.00000009 | jerk_penalty=0.00000009
2026-02-13 20:51:41,502 | INFO | epoch=125 | total=2.13579082 | contrast=2.02151418 | signal=0.00232909 | noise=0.00094166 | snr=2.47335649 | trajectory_length=0.11427671 | trajectory_penalty=0.11427671 | jerk=0.00000009 | jerk_penalty=0.00000009
2026-02-13 20:51:42,670 | INFO | epoch=126 | total=2.13579297 | contrast=2.02158237 | signal=0.00232998 | noise=0.00094205 | snr=2.47327304 | trajectory_length=0.11421064 | trajectory_penalty=0.11421064 | jerk=0.00000009 | jerk_penalty=0.00000009
2026-02-13 20:51:43,924 | INFO | epoch=127 | total=2.13576961 | contrast=2.02152991 | signal=0.00233047 | noise=0.00094223 | snr=2.47333741 | trajectory_length=0.11423978 | trajectory_penalty=0.11423978 | jerk=0.00000009 | jerk_penalty=0.00000009
2026-02-13 20:51:45,708 | INFO | epoch=128 | total=2.13578176 | contrast=2.02148557 | signal=0.00233056 | noise=0.00094224 | snr=2.47339153 | trajectory_length=0.11429617 | trajectory_penalty=0.11429617 | jerk=0.00000009 | jerk_penalty=0.00000009
2026-02-13 20:51:48,046 | INFO | epoch=129 | total=2.13578153 | contrast=2.02147675 | signal=0.00233055 | noise=0.00094224 | snr=2.47340250 | trajectory_length=0.11430473 | trajectory_penalty=0.11430473 | jerk=0.00000009 | jerk_penalty=0.00000009
2026-02-13 20:51:50,252 | INFO | epoch=130 | total=2.13576865 | contrast=2.02133989 | signal=0.00233020 | noise=0.00094203 | snr=2.47356987 | trajectory_length=0.11442871 | trajectory_penalty=0.11442871 | jerk=0.00000009 | jerk_penalty=0.00000009
2026-02-13 20:51:52,438 | INFO | epoch=131 | total=2.13577485 | contrast=2.02129173 | signal=0.00232974 | noise=0.00094182 | snr=2.47362852 | trajectory_length=0.11448318 | trajectory_penalty=0.11448318 | jerk=0.00000009 | jerk_penalty=0.00000009
2026-02-13 20:51:54,395 | INFO | epoch=132 | total=2.13577890 | contrast=2.02130938 | signal=0.00232934 | noise=0.00094167 | snr=2.47360706 | trajectory_length=0.11446962 | trajectory_penalty=0.11446962 | jerk=0.00000010 | jerk_penalty=0.00000010
2026-02-13 20:51:56,434 | INFO | epoch=133 | total=2.13577008 | contrast=2.02117085 | signal=0.00232863 | noise=0.00094132 | snr=2.47377658 | trajectory_length=0.11459921 | trajectory_penalty=0.11459921 | jerk=0.00000010 | jerk_penalty=0.00000010
2026-02-13 20:51:58,731 | INFO | epoch=134 | total=2.13575220 | contrast=2.02111340 | signal=0.00232800 | noise=0.00094104 | snr=2.47384691 | trajectory_length=0.11463884 | trajectory_penalty=0.11463884 | jerk=0.00000010 | jerk_penalty=0.00000010
2026-02-13 20:52:00,471 | INFO | epoch=135 | total=2.13576341 | contrast=2.02105999 | signal=0.00232715 | noise=0.00094067 | snr=2.47391224 | trajectory_length=0.11470331 | trajectory_penalty=0.11470331 | jerk=0.00000010 | jerk_penalty=0.00000010
2026-02-13 20:52:01,867 | INFO | epoch=136 | total=2.13576007 | contrast=2.02083731 | signal=0.00232595 | noise=0.00094008 | snr=2.47418475 | trajectory_length=0.11492287 | trajectory_penalty=0.11492287 | jerk=0.00000010 | jerk_penalty=0.00000010
2026-02-13 20:52:03,229 | INFO | epoch=137 | total=2.13574886 | contrast=2.02074766 | signal=0.00232520 | noise=0.00093973 | snr=2.47429466 | trajectory_length=0.11500116 | trajectory_penalty=0.11500116 | jerk=0.00000010 | jerk_penalty=0.00000010
2026-02-13 20:52:04,429 | INFO | epoch=138 | total=2.13574409 | contrast=2.02064705 | signal=0.00232482 | noise=0.00093953 | snr=2.47441792 | trajectory_length=0.11509695 | trajectory_penalty=0.11509695 | jerk=0.00000010 | jerk_penalty=0.00000010
2026-02-13 20:52:05,661 | INFO | epoch=139 | total=2.13574696 | contrast=2.02056694 | signal=0.00232482 | noise=0.00093949 | snr=2.47451568 | trajectory_length=0.11517990 | trajectory_penalty=0.11517990 | jerk=0.00000010 | jerk_penalty=0.00000010
2026-02-13 20:52:07,002 | INFO | epoch=140 | total=2.13574910 | contrast=2.02061415 | signal=0.00232509 | noise=0.00093962 | snr=2.47445822 | trajectory_length=0.11513485 | trajectory_penalty=0.11513485 | jerk=0.00000010 | jerk_penalty=0.00000010
2026-02-13 20:52:08,179 | INFO | epoch=141 | total=2.13574457 | contrast=2.02057505 | signal=0.00232494 | noise=0.00093955 | snr=2.47450614 | trajectory_length=0.11516950 | trajectory_penalty=0.11516950 | jerk=0.00000010 | jerk_penalty=0.00000010
2026-02-13 20:52:09,412 | INFO | epoch=142 | total=2.13574004 | contrast=2.02058768 | signal=0.00232493 | noise=0.00093955 | snr=2.47449040 | trajectory_length=0.11515237 | trajectory_penalty=0.11515237 | jerk=0.00000010 | jerk_penalty=0.00000010
2026-02-13 20:52:10,590 | INFO | epoch=143 | total=2.13574505 | contrast=2.02060676 | signal=0.00232493 | noise=0.00093956 | snr=2.47446728 | trajectory_length=0.11513838 | trajectory_penalty=0.11513838 | jerk=0.00000010 | jerk_penalty=0.00000010
2026-02-13 20:52:11,820 | INFO | epoch=144 | total=2.13574791 | contrast=2.02057600 | signal=0.00232475 | noise=0.00093947 | snr=2.47450471 | trajectory_length=0.11517186 | trajectory_penalty=0.11517186 | jerk=0.00000010 | jerk_penalty=0.00000010
2026-02-13 20:52:13,665 | INFO | epoch=145 | total=2.13574100 | contrast=2.02063894 | signal=0.00232475 | noise=0.00093950 | snr=2.47442770 | trajectory_length=0.11510195 | trajectory_penalty=0.11510195 | jerk=0.00000010 | jerk_penalty=0.00000010
2026-02-13 20:52:15,383 | INFO | epoch=146 | total=2.13573861 | contrast=2.02066779 | signal=0.00232461 | noise=0.00093946 | snr=2.47439241 | trajectory_length=0.11507092 | trajectory_penalty=0.11507092 | jerk=0.00000010 | jerk_penalty=0.00000010
2026-02-13 20:52:16,965 | INFO | epoch=147 | total=2.13574100 | contrast=2.02072096 | signal=0.00232466 | noise=0.00093950 | snr=2.47432756 | trajectory_length=0.11501999 | trajectory_penalty=0.11501999 | jerk=0.00000010 | jerk_penalty=0.00000010
2026-02-13 20:52:18,706 | INFO | epoch=148 | total=2.13574457 | contrast=2.02083611 | signal=0.00232502 | noise=0.00093970 | snr=2.47418642 | trajectory_length=0.11490852 | trajectory_penalty=0.11490852 | jerk=0.00000010 | jerk_penalty=0.00000010
2026-02-13 20:52:20,668 | INFO | epoch=149 | total=2.13573980 | contrast=2.02082372 | signal=0.00232509 | noise=0.00093972 | snr=2.47420168 | trajectory_length=0.11491621 | trajectory_penalty=0.11491621 | jerk=0.00000010 | jerk_penalty=0.00000010
2026-02-13 20:52:22,452 | INFO | epoch=150 | total=2.13573551 | contrast=2.02086878 | signal=0.00232537 | noise=0.00093986 | snr=2.47414660 | trajectory_length=0.11486680 | trajectory_penalty=0.11486680 | jerk=0.00000010 | jerk_penalty=0.00000010
2026-02-13 20:52:24,515 | INFO | epoch=151 | total=2.13573790 | contrast=2.02091885 | signal=0.00232570 | noise=0.00094001 | snr=2.47408509 | trajectory_length=0.11481903 | trajectory_penalty=0.11481903 | jerk=0.00000010 | jerk_penalty=0.00000010
2026-02-13 20:52:26,257 | INFO | epoch=152 | total=2.13573837 | contrast=2.02091742 | signal=0.00232588 | noise=0.00094009 | snr=2.47408676 | trajectory_length=0.11482088 | trajectory_penalty=0.11482088 | jerk=0.00000010 | jerk_penalty=0.00000010
2026-02-13 20:52:27,890 | INFO | epoch=153 | total=2.13573718 | contrast=2.02098584 | signal=0.00232618 | noise=0.00094024 | snr=2.47400308 | trajectory_length=0.11475131 | trajectory_penalty=0.11475131 | jerk=0.00000010 | jerk_penalty=0.00000010
2026-02-13 20:52:29,627 | INFO | epoch=154 | total=2.13573527 | contrast=2.02099729 | signal=0.00232626 | noise=0.00094028 | snr=2.47398925 | trajectory_length=0.11473799 | trajectory_penalty=0.11473799 | jerk=0.00000010 | jerk_penalty=0.00000010
2026-02-13 20:52:31,594 | INFO | epoch=155 | total=2.13573360 | contrast=2.02098989 | signal=0.00232639 | noise=0.00094033 | snr=2.47399807 | trajectory_length=0.11474374 | trajectory_penalty=0.11474374 | jerk=0.00000010 | jerk_penalty=0.00000010
2026-02-13 20:52:33,058 | INFO | epoch=156 | total=2.13573480 | contrast=2.02099848 | signal=0.00232668 | noise=0.00094045 | snr=2.47398758 | trajectory_length=0.11473632 | trajectory_penalty=0.11473632 | jerk=0.00000010 | jerk_penalty=0.00000010
2026-02-13 20:52:34,492 | INFO | epoch=157 | total=2.13573551 | contrast=2.02095461 | signal=0.00232678 | noise=0.00094047 | snr=2.47404146 | trajectory_length=0.11478084 | trajectory_penalty=0.11478084 | jerk=0.00000010 | jerk_penalty=0.00000010
2026-02-13 20:52:36,206 | INFO | epoch=158 | total=2.13573217 | contrast=2.02096486 | signal=0.00232700 | noise=0.00094056 | snr=2.47402883 | trajectory_length=0.11476742 | trajectory_penalty=0.11476742 | jerk=0.00000010 | jerk_penalty=0.00000010
2026-02-13 20:52:37,749 | INFO | epoch=159 | total=2.13573170 | contrast=2.02096629 | signal=0.00232714 | noise=0.00094062 | snr=2.47402692 | trajectory_length=0.11476547 | trajectory_penalty=0.11476547 | jerk=0.00000010 | jerk_penalty=0.00000010
2026-02-13 20:52:39,227 | INFO | epoch=160 | total=2.13573313 | contrast=2.02099466 | signal=0.00232734 | noise=0.00094071 | snr=2.47399235 | trajectory_length=0.11473836 | trajectory_penalty=0.11473836 | jerk=0.00000010 | jerk_penalty=0.00000010
2026-02-13 20:52:40,792 | INFO | epoch=161 | total=2.13573289 | contrast=2.02104068 | signal=0.00232762 | noise=0.00094085 | snr=2.47393608 | trajectory_length=0.11469214 | trajectory_penalty=0.11469214 | jerk=0.00000010 | jerk_penalty=0.00000010
2026-02-13 20:52:42,276 | INFO | epoch=162 | total=2.13573408 | contrast=2.02103162 | signal=0.00232769 | noise=0.00094087 | snr=2.47394705 | trajectory_length=0.11470234 | trajectory_penalty=0.11470234 | jerk=0.00000010 | jerk_penalty=0.00000010
2026-02-13 20:52:43,950 | INFO | epoch=163 | total=2.13573408 | contrast=2.02107978 | signal=0.00232782 | noise=0.00094095 | snr=2.47388816 | trajectory_length=0.11465433 | trajectory_penalty=0.11465433 | jerk=0.00000010 | jerk_penalty=0.00000010
2026-02-13 20:52:45,491 | INFO | epoch=164 | total=2.13573170 | contrast=2.02106285 | signal=0.00232785 | noise=0.00094095 | snr=2.47390866 | trajectory_length=0.11466891 | trajectory_penalty=0.11466891 | jerk=0.00000010 | jerk_penalty=0.00000010
2026-02-13 20:52:47,111 | INFO | epoch=165 | total=2.13573194 | contrast=2.02108550 | signal=0.00232802 | noise=0.00094103 | snr=2.47388101 | trajectory_length=0.11464636 | trajectory_penalty=0.11464636 | jerk=0.00000010 | jerk_penalty=0.00000010
2026-02-13 20:52:48,579 | INFO | epoch=166 | total=2.13573194 | contrast=2.02112699 | signal=0.00232825 | noise=0.00094114 | snr=2.47383022 | trajectory_length=0.11460484 | trajectory_penalty=0.11460484 | jerk=0.00000010 | jerk_penalty=0.00000010
2026-02-13 20:52:50,187 | INFO | epoch=167 | total=2.13573265 | contrast=2.02113819 | signal=0.00232841 | noise=0.00094121 | snr=2.47381663 | trajectory_length=0.11459437 | trajectory_penalty=0.11459437 | jerk=0.00000010 | jerk_penalty=0.00000010
2026-02-13 20:52:51,800 | INFO | epoch=168 | total=2.13573456 | contrast=2.02118111 | signal=0.00232847 | noise=0.00094126 | snr=2.47376418 | trajectory_length=0.11455350 | trajectory_penalty=0.11455350 | jerk=0.00000010 | jerk_penalty=0.00000010
